[debug] [2025-05-03T18:26:26.252Z] ----------------------------------------------------------------------
[debug] [2025-05-03T18:26:26.259Z] Command:       C:\Program Files\nodejs\node.exe C:\Users\User\AppData\Roaming\npm\node_modules\firebase-tools\lib\bin\firebase.js init firestore
[debug] [2025-05-03T18:26:26.260Z] CLI Version:   14.1.0
[debug] [2025-05-03T18:26:26.260Z] Platform:      win32
[debug] [2025-05-03T18:26:26.260Z] Node Version:  v22.14.0
[debug] [2025-05-03T18:26:26.261Z] Time:          Sat May 03 2025 20:26:26 GMT+0200 (közép-európai nyári idő)
[debug] [2025-05-03T18:26:26.261Z] ----------------------------------------------------------------------
[debug] 
[debug] [2025-05-03T18:26:26.273Z] > command requires scopes: ["email","openid","https://www.googleapis.com/auth/cloudplatformprojects.readonly","https://www.googleapis.com/auth/firebase","https://www.googleapis.com/auth/cloud-platform"]
[debug] [2025-05-03T18:26:26.274Z] > authorizing via signed-in user (contact.propti@gmail.com)
[info] 
     ######## #### ########  ######## ########     ###     ######  ########
     ##        ##  ##     ## ##       ##     ##  ##   ##  ##       ##
     ######    ##  ########  ######   ########  #########  ######  ######
     ##        ##  ##    ##  ##       ##     ## ##     ##       ## ##
     ##       #### ##     ## ######## ########  ##     ##  ######  ########

You're about to initialize a Firebase project in this directory:

  C:\Users\User\Desktop\software project\diplant-site

[info] 
=== Project Setup
[info] 
[info] First, let's associate this project directory with a Firebase project.
[info] You can create multiple project aliases by running firebase use --add, 
[info] but for now we'll just set up a default project.
[info] 
[debug] [2025-05-03T18:28:23.683Z] Checked if tokens are valid: false, expires at: 1744113674398
[debug] [2025-05-03T18:28:23.683Z] Checked if tokens are valid: false, expires at: 1744113674398
[debug] [2025-05-03T18:28:23.683Z] > refreshing access token with scopes: []
[debug] [2025-05-03T18:28:23.687Z] >>> [apiv2][query] POST https://www.googleapis.com/oauth2/v3/token [none]
[debug] [2025-05-03T18:28:23.687Z] >>> [apiv2][body] POST https://www.googleapis.com/oauth2/v3/token [omitted]
[debug] [2025-05-03T18:28:23.924Z] <<< [apiv2][status] POST https://www.googleapis.com/oauth2/v3/token 200
[debug] [2025-05-03T18:28:23.924Z] <<< [apiv2][body] POST https://www.googleapis.com/oauth2/v3/token [omitted]
[debug] [2025-05-03T18:28:23.938Z] >>> [apiv2][query] GET https://firebase.googleapis.com/v1beta1/projects pageSize=100
[debug] [2025-05-03T18:28:24.561Z] <<< [apiv2][status] GET https://firebase.googleapis.com/v1beta1/projects 200
[debug] [2025-05-03T18:28:24.561Z] <<< [apiv2][body] GET https://firebase.googleapis.com/v1beta1/projects [omitted]
